<?xml version="1.0" encoding="UTF-8"?>
<robot generator="Robot 6.0.2 (Python 3.11.0 on win32)" generated="20230228 12:20:26.000" rpa="false" schemaversion="3">
<suite id="s1" name="1 Test" source="c:\Users\aandre\Desktop\DepotGit\test\1_test.robot">
<test id="s1-t1" name="test" line="13">
<kw name="Test Setup" type="SETUP">
<doc>test setup
You can define the Setup variable with a keyword for setting up all your tests.
You can define the Setup custom variable with a keyword for setting up this specific test.
If both are defined, Setup custom will be run after Setup.</doc>
<kw name="Get Variable Value" library="BuiltIn">
<var>${TEST_SETUP_VALUE}</var>
<arg>${TEST_SETUP}</arg>
<doc>Returns variable value or ``default`` if the variable does not exist.</doc>
<msg timestamp="20230228 12:20:26.047" level="INFO">${TEST_SETUP_VALUE} = Setup</msg>
<status status="PASS" starttime="20230228 12:20:26.046" endtime="20230228 12:20:26.049"/>
</kw>
<kw name="Get Variable Value" library="BuiltIn">
<var>${TEST_1_SETUP_VALUE}</var>
<arg>${TEST_1_SETUP}</arg>
<doc>Returns variable value or ``default`` if the variable does not exist.</doc>
<msg timestamp="20230228 12:20:26.050" level="INFO">${TEST_1_SETUP_VALUE} = Setup custom</msg>
<status status="PASS" starttime="20230228 12:20:26.050" endtime="20230228 12:20:26.051"/>
</kw>
<if>
<branch type="IF" condition="$TEST_SETUP_VALUE is not None">
<kw name="Run Keyword" library="BuiltIn">
<arg>${TEST_SETUP}</arg>
<doc>Executes the given keyword with the given arguments.</doc>
<kw name="Setup" library="test">
<kw name="Log To Console" library="BuiltIn">
<arg>setup</arg>
<doc>Logs the given message to the console.</doc>
<status status="PASS" starttime="20230228 12:20:26.058" endtime="20230228 12:20:26.059"/>
</kw>
<status status="PASS" starttime="20230228 12:20:26.058" endtime="20230228 12:20:26.059"/>
</kw>
<status status="PASS" starttime="20230228 12:20:26.056" endtime="20230228 12:20:26.060"/>
</kw>
<status status="PASS" starttime="20230228 12:20:26.051" endtime="20230228 12:20:26.060"/>
</branch>
<status status="PASS" starttime="20230228 12:20:26.051" endtime="20230228 12:20:26.060"/>
</if>
<if>
<branch type="IF" condition="$TEST_1_SETUP_VALUE is not None">
<kw name="Run Keyword" library="BuiltIn">
<arg>${TEST_1_SETUP}</arg>
<doc>Executes the given keyword with the given arguments.</doc>
<kw name="Setup custom" library="test">
<kw name="Log To Console" library="BuiltIn">
<arg>setupcustom</arg>
<doc>Logs the given message to the console.</doc>
<status status="PASS" starttime="20230228 12:20:26.065" endtime="20230228 12:20:26.066"/>
</kw>
<status status="PASS" starttime="20230228 12:20:26.064" endtime="20230228 12:20:26.066"/>
</kw>
<status status="PASS" starttime="20230228 12:20:26.061" endtime="20230228 12:20:26.067"/>
</kw>
<status status="PASS" starttime="20230228 12:20:26.060" endtime="20230228 12:20:26.067"/>
</branch>
<status status="PASS" starttime="20230228 12:20:26.060" endtime="20230228 12:20:26.067"/>
</if>
<status status="PASS" starttime="20230228 12:20:26.046" endtime="20230228 12:20:26.067"/>
</kw>
<kw name="Retrieve Dataset">
<var>&amp;{dataset}</var>
<doc>Retrieves Squash TM's datasets and stores them in a dictionary.</doc>
<kw name="Get Test Param" library="squash_tf.TFParamService">
<var>${var}</var>
<arg>DS_var</arg>
<doc>Returns the test case parameter value if it is defined, None otherwise</doc>
<msg timestamp="20230228 12:20:26.107" level="INFO">${var} = None</msg>
<status status="PASS" starttime="20230228 12:20:26.106" endtime="20230228 12:20:26.107"/>
</kw>
<kw name="Create Dictionary" library="BuiltIn">
<var>&amp;{dataset}</var>
<arg>var=${var}</arg>
<doc>Creates and returns a dictionary based on the given ``items``.</doc>
<msg timestamp="20230228 12:20:26.108" level="INFO">&amp;{dataset} = { var=None }</msg>
<status status="PASS" starttime="20230228 12:20:26.107" endtime="20230228 12:20:26.108"/>
</kw>
<return>
<value>&amp;{dataset}</value>
<status status="PASS" starttime="20230228 12:20:26.108" endtime="20230228 12:20:26.109"/>
</return>
<msg timestamp="20230228 12:20:26.109" level="INFO">&amp;{dataset} = { var=None }</msg>
<status status="PASS" starttime="20230228 12:20:26.106" endtime="20230228 12:20:26.109"/>
</kw>
<kw name="Retrieve Datatables">
<var>&amp;{datatables}</var>
<doc>Retrieves Squash TM's datatables and stores them in a dictionary.</doc>
<kw name="Create List" library="BuiltIn">
<var>@{row_1_1}</var>
<arg>produit</arg>
<arg>prix</arg>
<doc>Returns a list containing given items.</doc>
<msg timestamp="20230228 12:20:26.116" level="INFO">@{row_1_1} = [ produit | prix ]</msg>
<status status="PASS" starttime="20230228 12:20:26.116" endtime="20230228 12:20:26.117"/>
</kw>
<kw name="Create List" library="BuiltIn">
<var>@{row_1_2}</var>
<arg>Expresso</arg>
<arg>0.40</arg>
<doc>Returns a list containing given items.</doc>
<msg timestamp="20230228 12:20:26.117" level="INFO">@{row_1_2} = [ Expresso | 0.40 ]</msg>
<status status="PASS" starttime="20230228 12:20:26.117" endtime="20230228 12:20:26.117"/>
</kw>
<kw name="Create List" library="BuiltIn">
<var>@{datatable_1}</var>
<arg>${row_1_1}</arg>
<arg>${row_1_2}</arg>
<doc>Returns a list containing given items.</doc>
<msg timestamp="20230228 12:20:26.118" level="INFO">@{datatable_1} = [ ['produit', 'prix'] | ['Expresso', '0.40'] ]</msg>
<status status="PASS" starttime="20230228 12:20:26.118" endtime="20230228 12:20:26.118"/>
</kw>
<kw name="Create Dictionary" library="BuiltIn">
<var>&amp;{datatables}</var>
<arg>datatable_1=${datatable_1}</arg>
<doc>Creates and returns a dictionary based on the given ``items``.</doc>
<msg timestamp="20230228 12:20:26.119" level="INFO">&amp;{datatables} = { datatable_1=[['produit', 'prix'], ['Expresso', '0.40']] }</msg>
<status status="PASS" starttime="20230228 12:20:26.118" endtime="20230228 12:20:26.119"/>
</kw>
<return>
<value>&amp;{datatables}</value>
<status status="PASS" starttime="20230228 12:20:26.120" endtime="20230228 12:20:26.120"/>
</return>
<msg timestamp="20230228 12:20:26.121" level="INFO">&amp;{datatables} = { datatable_1=[['produit', 'prix'], ['Expresso', '0.40']] }</msg>
<status status="PASS" starttime="20230228 12:20:26.116" endtime="20230228 12:20:26.121"/>
</kw>
<kw name="Retrieve Docstrings">
<var>&amp;{docstrings}</var>
<doc>Retrieves Squash TM's docstrings and stores them in a dictionary.</doc>
<kw name="Set Variable" library="BuiltIn">
<var>${docstring_1}</var>
<arg>zertyuioplkjhgfdqsxcvbh,fazertryhebzhehzbbhbsfghbdffffffffffffftttttttttttttttttttttttttttttttttttttttttttttttttttttttttttttttttttttttttttttttttttttttttttttttttttttttttttttttttttttbbbbbbbbbbbbbbbbbbbbbbbbbbbbbbbbbbbbbbbbbeeeeeeeeeeeeeeeeeeeeeeeeeeeeeeeeeeeeeeeeeeeeeeeeeeeeeeeeeeeeeeeeeeeeeeeeeeeee</arg>
<doc>Returns the given values which can then be assigned to a variables.</doc>
<msg timestamp="20230228 12:20:26.129" level="INFO">${docstring_1} = zertyuioplkjhgfdqsxcvbh,fazertryhebzhehzbbhbsfghbdffffffffffffftttttttttttttttttttttttttttttttttttttttttttttttttttttttttttttttttttttttttttttttttttttttttttttttttttttttttttttttttttttbbbbbbbbbbbbbbbbbbbb...</msg>
<status status="PASS" starttime="20230228 12:20:26.129" endtime="20230228 12:20:26.129"/>
</kw>
<kw name="Create Dictionary" library="BuiltIn">
<var>&amp;{docstrings}</var>
<arg>docstring_1=${docstring_1}</arg>
<doc>Creates and returns a dictionary based on the given ``items``.</doc>
<msg timestamp="20230228 12:20:26.130" level="INFO">&amp;{docstrings} = { docstring_1=zertyuioplkjhgfdqsxcvbh,fazertryhebzhehzbbhbsfghbdffffffffffffftttttttttttttttttttttttttttttttttttttttttttttttttttttttttttttttttttttttttttttttttttttttttttttttttttttttttttttttttttttbbbbbb...</msg>
<status status="PASS" starttime="20230228 12:20:26.129" endtime="20230228 12:20:26.130"/>
</kw>
<return>
<value>&amp;{docstrings}</value>
<status status="PASS" starttime="20230228 12:20:26.130" endtime="20230228 12:20:26.130"/>
</return>
<msg timestamp="20230228 12:20:26.131" level="INFO">&amp;{docstrings} = { docstring_1=zertyuioplkjhgfdqsxcvbh,fazertryhebzhehzbbhbsfghbdffffffffffffftttttttttttttttttttttttttttttttttttttttttttttttttttttttttttttttttttttttttttttttttttttttttttttttttttttttttttttttttttttbbbbbb...</msg>
<status status="PASS" starttime="20230228 12:20:26.128" endtime="20230228 12:20:26.131"/>
</kw>
<kw name="Given voici un test" library="test">
<kw name="Log To Console" library="BuiltIn">
<arg>c'est un test</arg>
<doc>Logs the given message to the console.</doc>
<status status="PASS" starttime="20230228 12:20:26.132" endtime="20230228 12:20:26.133"/>
</kw>
<status status="PASS" starttime="20230228 12:20:26.131" endtime="20230228 12:20:26.133"/>
</kw>
<kw name="Given test &quot;${datatables}[datatable_1]&quot;" library="test" sourcename="test &quot;${string}&quot;">
<kw name="Log To Console" library="BuiltIn">
<arg>${string}</arg>
<doc>Logs the given message to the console.</doc>
<status status="PASS" starttime="20230228 12:20:26.134" endtime="20230228 12:20:26.134"/>
</kw>
<status status="PASS" starttime="20230228 12:20:26.133" endtime="20230228 12:20:26.135"/>
</kw>
<kw name="Given test number two &quot;${docstrings}[docstring_1]&quot;" library="test" sourcename="test number two &quot;${string}&quot;">
<kw name="Log To Console" library="BuiltIn">
<arg>${string}</arg>
<doc>Logs the given message to the console.</doc>
<status status="PASS" starttime="20230228 12:20:26.139" endtime="20230228 12:20:26.141"/>
</kw>
<status status="PASS" starttime="20230228 12:20:26.138" endtime="20230228 12:20:26.141"/>
</kw>
<kw name="Given test number three" library="test">
<kw name="Get Test Param" library="squash_tf.TFParamService">
<var>${code}</var>
<arg>TC_CUF_code</arg>
<doc>Returns the test case parameter value if it is defined, None otherwise</doc>
<msg timestamp="20230228 12:20:26.142" level="INFO">${code} = None</msg>
<status status="PASS" starttime="20230228 12:20:26.142" endtime="20230228 12:20:26.143"/>
</kw>
<kw name="Log To Console" library="BuiltIn">
<arg>${code}</arg>
<doc>Logs the given message to the console.</doc>
<status status="PASS" starttime="20230228 12:20:26.144" endtime="20230228 12:20:26.144"/>
</kw>
<status status="PASS" starttime="20230228 12:20:26.142" endtime="20230228 12:20:26.145"/>
</kw>
<kw name="Given dataset &quot;${dataset}[var]&quot;" library="test" sourcename="dataset &quot;${var}&quot;">
<kw name="Log To Console" library="BuiltIn">
<arg>${var}c'est dataset</arg>
<doc>Logs the given message to the console.</doc>
<status status="PASS" starttime="20230228 12:20:26.146" endtime="20230228 12:20:26.147"/>
</kw>
<status status="PASS" starttime="20230228 12:20:26.145" endtime="20230228 12:20:26.147"/>
</kw>
<kw name="Test Teardown" type="TEARDOWN">
<doc>test teardown
You can define the Teardown variable with a keyword for tearing down all your tests.
You can define the Teardown custom variable with a keyword for tearing down this specific test.
If both are defined, Teardown will be run after Teardown custom.</doc>
<kw name="Get Variable Value" library="BuiltIn">
<var>${TEST_1_TEARDOWN_VALUE}</var>
<arg>${TEST_1_TEARDOWN}</arg>
<doc>Returns variable value or ``default`` if the variable does not exist.</doc>
<msg timestamp="20230228 12:20:26.149" level="INFO">${TEST_1_TEARDOWN_VALUE} = Teardown custom</msg>
<status status="PASS" starttime="20230228 12:20:26.148" endtime="20230228 12:20:26.149"/>
</kw>
<kw name="Get Variable Value" library="BuiltIn">
<var>${TEST_TEARDOWN_VALUE}</var>
<arg>${TEST_TEARDOWN}</arg>
<doc>Returns variable value or ``default`` if the variable does not exist.</doc>
<msg timestamp="20230228 12:20:26.149" level="INFO">${TEST_TEARDOWN_VALUE} = Teardown</msg>
<status status="PASS" starttime="20230228 12:20:26.149" endtime="20230228 12:20:26.150"/>
</kw>
<if>
<branch type="IF" condition="$TEST_1_TEARDOWN_VALUE is not None">
<kw name="Run Keyword" library="BuiltIn">
<arg>${TEST_1_TEARDOWN}</arg>
<doc>Executes the given keyword with the given arguments.</doc>
<kw name="Teardown custom" library="test">
<kw name="Log To Console" library="BuiltIn">
<arg>teardown custom</arg>
<doc>Logs the given message to the console.</doc>
<status status="PASS" starttime="20230228 12:20:26.155" endtime="20230228 12:20:26.156"/>
</kw>
<status status="PASS" starttime="20230228 12:20:26.154" endtime="20230228 12:20:26.156"/>
</kw>
<status status="PASS" starttime="20230228 12:20:26.150" endtime="20230228 12:20:26.156"/>
</kw>
<status status="PASS" starttime="20230228 12:20:26.150" endtime="20230228 12:20:26.157"/>
</branch>
<status status="PASS" starttime="20230228 12:20:26.150" endtime="20230228 12:20:26.157"/>
</if>
<if>
<branch type="IF" condition="$TEST_TEARDOWN_VALUE is not None">
<kw name="Run Keyword" library="BuiltIn">
<arg>${TEST_TEARDOWN}</arg>
<doc>Executes the given keyword with the given arguments.</doc>
<kw name="Teardown" library="test">
<kw name="Log To Console" library="BuiltIn">
<arg>teardown</arg>
<doc>Logs the given message to the console.</doc>
<status status="PASS" starttime="20230228 12:20:26.160" endtime="20230228 12:20:26.160"/>
</kw>
<status status="PASS" starttime="20230228 12:20:26.159" endtime="20230228 12:20:26.160"/>
</kw>
<status status="PASS" starttime="20230228 12:20:26.157" endtime="20230228 12:20:26.161"/>
</kw>
<status status="PASS" starttime="20230228 12:20:26.157" endtime="20230228 12:20:26.161"/>
</branch>
<status status="PASS" starttime="20230228 12:20:26.157" endtime="20230228 12:20:26.161"/>
</if>
<status status="PASS" starttime="20230228 12:20:26.148" endtime="20230228 12:20:26.161"/>
</kw>
<doc>test</doc>
<status status="PASS" starttime="20230228 12:20:26.044" endtime="20230228 12:20:26.162"/>
</test>
<doc>test</doc>
<meta name="Automation priority">null</meta>
<meta name="ID">1</meta>
<meta name="Test case importance">Low</meta>
<status status="PASS" starttime="20230228 12:20:26.005" endtime="20230228 12:20:26.163"/>
</suite>
<statistics>
<total>
<stat pass="1" fail="0" skip="0">All Tests</stat>
</total>
<tag>
</tag>
<suite>
<stat pass="1" fail="0" skip="0" id="s1" name="1 Test">1 Test</stat>
</suite>
</statistics>
<errors>
</errors>
</robot>
