<?xml version="1.0" encoding="UTF-8"?>
<robot generator="Robot 6.0.2 (Python 3.11.0 on win32)" generated="20230223 13:45:20.597" rpa="false" schemaversion="3">
<suite id="s1" name="120 Testing" source="C:\Users\aandre\Desktop\DepotGit\test\120_testing.robot">
<test id="s1-t1" name="testing" line="20">
<kw name="Test Setup" type="SETUP">
<kw name="Get Variable Value" library="BuiltIn">
<var>${__TEST_SETUP}</var>
<arg>${TEST SETUP}</arg>
<doc>Returns variable value or ``default`` if the variable does not exist.</doc>
<msg timestamp="20230223 13:45:20.625" level="INFO">${__TEST_SETUP} = None</msg>
<status status="PASS" starttime="20230223 13:45:20.623" endtime="20230223 13:45:20.625"/>
</kw>
<kw name="Get Variable Value" library="BuiltIn">
<var>${__TEST_120_SETUP}</var>
<arg>${TEST 120 SETUP}</arg>
<doc>Returns variable value or ``default`` if the variable does not exist.</doc>
<msg timestamp="20230223 13:45:20.626" level="INFO">${__TEST_120_SETUP} = None</msg>
<status status="PASS" starttime="20230223 13:45:20.625" endtime="20230223 13:45:20.626"/>
</kw>
<kw name="Run Keyword If" library="BuiltIn">
<arg>$__TEST_SETUP is not None</arg>
<arg>${__TEST_SETUP}</arg>
<doc>Runs the given keyword with the given arguments, if ``condition`` is true.</doc>
<status status="PASS" starttime="20230223 13:45:20.626" endtime="20230223 13:45:20.629"/>
</kw>
<kw name="Run Keyword If" library="BuiltIn">
<arg>$__TEST_120_SETUP is not None</arg>
<arg>${__TEST_120_SETUP}</arg>
<doc>Runs the given keyword with the given arguments, if ``condition`` is true.</doc>
<status status="PASS" starttime="20230223 13:45:20.629" endtime="20230223 13:45:20.629"/>
</kw>
<status status="PASS" starttime="20230223 13:45:20.623" endtime="20230223 13:45:20.629"/>
</kw>
<kw name="Given Testing" library="test">
<kw name="Log To Console" library="BuiltIn">
<arg>this is a test</arg>
<doc>Logs the given message to the console.</doc>
<status status="PASS" starttime="20230223 13:45:20.630" endtime="20230223 13:45:20.630"/>
</kw>
<status status="PASS" starttime="20230223 13:45:20.630" endtime="20230223 13:45:20.630"/>
</kw>
<kw name="Test Teardown" type="TEARDOWN">
<kw name="Get Variable Value" library="BuiltIn">
<var>${__TEST_120_TEARDOWN}</var>
<arg>${TEST 120 TEARDOWN}</arg>
<doc>Returns variable value or ``default`` if the variable does not exist.</doc>
<msg timestamp="20230223 13:45:20.633" level="INFO">${__TEST_120_TEARDOWN} = None</msg>
<status status="PASS" starttime="20230223 13:45:20.632" endtime="20230223 13:45:20.633"/>
</kw>
<kw name="Get Variable Value" library="BuiltIn">
<var>${__TEST_TEARDOWN}</var>
<arg>${TEST TEARDOWN}</arg>
<doc>Returns variable value or ``default`` if the variable does not exist.</doc>
<msg timestamp="20230223 13:45:20.634" level="INFO">${__TEST_TEARDOWN} = None</msg>
<status status="PASS" starttime="20230223 13:45:20.633" endtime="20230223 13:45:20.634"/>
</kw>
<kw name="Run Keyword If" library="BuiltIn">
<arg>$__TEST_120_TEARDOWN is not None</arg>
<arg>${__TEST_120_TEARDOWN}</arg>
<doc>Runs the given keyword with the given arguments, if ``condition`` is true.</doc>
<status status="PASS" starttime="20230223 13:45:20.634" endtime="20230223 13:45:20.635"/>
</kw>
<kw name="Run Keyword If" library="BuiltIn">
<arg>$__TEST_TEARDOWN is not None</arg>
<arg>${__TEST_TEARDOWN}</arg>
<doc>Runs the given keyword with the given arguments, if ``condition`` is true.</doc>
<status status="PASS" starttime="20230223 13:45:20.635" endtime="20230223 13:45:20.635"/>
</kw>
<status status="PASS" starttime="20230223 13:45:20.631" endtime="20230223 13:45:20.635"/>
</kw>
<status status="PASS" starttime="20230223 13:45:20.623" endtime="20230223 13:45:20.635"/>
</test>
<status status="PASS" starttime="20230223 13:45:20.597" endtime="20230223 13:45:20.637"/>
</suite>
<statistics>
<total>
<stat pass="1" fail="0" skip="0">All Tests</stat>
</total>
<tag>
</tag>
<suite>
<stat pass="1" fail="0" skip="0" id="s1" name="120 Testing">120 Testing</stat>
</suite>
</statistics>
<errors>
</errors>
</robot>
