<?xml version="1.0" encoding="UTF-8"?>
<robot generator="Robot 6.0.2 (Python 3.11.0 on win32)" generated="20230228 12:15:05.232" rpa="false" schemaversion="3">
<suite id="s1" name="1 Test" source="c:\Users\aandre\Desktop\DepotGit\test\1_test.robot">
<test id="s1-t1" name="test" line="13">
<kw name="Test Setup" type="SETUP">
<doc>test setup
You can define the Setup variable with a keyword for setting up all your tests.
You can define the Setup custom variable with a keyword for setting up this specific test.
If both are defined, Setup custom will be run after Setup.</doc>
<kw name="Get Variable Value" library="BuiltIn">
<var>${TEST_SETUP_VALUE}</var>
<arg>${TEST_SETUP}</arg>
<doc>Returns variable value or ``default`` if the variable does not exist.</doc>
<msg timestamp="20230228 12:15:05.276" level="INFO">${TEST_SETUP_VALUE} = Setup</msg>
<status status="PASS" starttime="20230228 12:15:05.275" endtime="20230228 12:15:05.279"/>
</kw>
<kw name="Get Variable Value" library="BuiltIn">
<var>${TEST_1_SETUP_VALUE}</var>
<arg>${TEST_1_SETUP}</arg>
<doc>Returns variable value or ``default`` if the variable does not exist.</doc>
<msg timestamp="20230228 12:15:05.280" level="INFO">${TEST_1_SETUP_VALUE} = Setup custom</msg>
<status status="PASS" starttime="20230228 12:15:05.280" endtime="20230228 12:15:05.280"/>
</kw>
<if>
<branch type="IF" condition="$TEST_SETUP_VALUE is not None">
<kw name="Run Keyword" library="BuiltIn">
<arg>${TEST_SETUP}</arg>
<doc>Executes the given keyword with the given arguments.</doc>
<kw name="Setup" library="test">
<kw name="Log To Console" library="BuiltIn">
<arg>setup</arg>
<doc>Logs the given message to the console.</doc>
<status status="PASS" starttime="20230228 12:15:05.287" endtime="20230228 12:15:05.288"/>
</kw>
<status status="PASS" starttime="20230228 12:15:05.286" endtime="20230228 12:15:05.288"/>
</kw>
<status status="PASS" starttime="20230228 12:15:05.283" endtime="20230228 12:15:05.289"/>
</kw>
<status status="PASS" starttime="20230228 12:15:05.281" endtime="20230228 12:15:05.289"/>
</branch>
<status status="PASS" starttime="20230228 12:15:05.281" endtime="20230228 12:15:05.289"/>
</if>
<if>
<branch type="IF" condition="$TEST_1_SETUP_VALUE is not None">
<kw name="Run Keyword" library="BuiltIn">
<arg>${TEST_1_SETUP}</arg>
<doc>Executes the given keyword with the given arguments.</doc>
<kw name="Setup custom" library="test">
<kw name="Log To Console" library="BuiltIn">
<arg>setupcustom</arg>
<doc>Logs the given message to the console.</doc>
<status status="PASS" starttime="20230228 12:15:05.292" endtime="20230228 12:15:05.292"/>
</kw>
<status status="PASS" starttime="20230228 12:15:05.292" endtime="20230228 12:15:05.293"/>
</kw>
<status status="PASS" starttime="20230228 12:15:05.290" endtime="20230228 12:15:05.293"/>
</kw>
<status status="PASS" starttime="20230228 12:15:05.289" endtime="20230228 12:15:05.293"/>
</branch>
<status status="PASS" starttime="20230228 12:15:05.289" endtime="20230228 12:15:05.293"/>
</if>
<status status="PASS" starttime="20230228 12:15:05.275" endtime="20230228 12:15:05.293"/>
</kw>
<kw name="Retrieve Dataset">
<var>&amp;{dataset}</var>
<doc>Retrieves Squash TM's datasets and stores them in a dictionary.</doc>
<kw name="Get Test Param" library="squash_tf.TFParamService">
<var>${var}</var>
<arg>DS_var</arg>
<doc>Returns the test case parameter value if it is defined, None otherwise</doc>
<msg timestamp="20230228 12:15:05.300" level="INFO">${var} = None</msg>
<status status="PASS" starttime="20230228 12:15:05.299" endtime="20230228 12:15:05.300"/>
</kw>
<kw name="Create Dictionary" library="BuiltIn">
<var>&amp;{dataset}</var>
<arg>var=${var}</arg>
<doc>Creates and returns a dictionary based on the given ``items``.</doc>
<msg timestamp="20230228 12:15:05.300" level="INFO">&amp;{dataset} = { var=None }</msg>
<status status="PASS" starttime="20230228 12:15:05.300" endtime="20230228 12:15:05.301"/>
</kw>
<return>
<value>&amp;{dataset}</value>
<status status="PASS" starttime="20230228 12:15:05.301" endtime="20230228 12:15:05.301"/>
</return>
<msg timestamp="20230228 12:15:05.301" level="INFO">&amp;{dataset} = { var=None }</msg>
<status status="PASS" starttime="20230228 12:15:05.299" endtime="20230228 12:15:05.301"/>
</kw>
<kw name="Retrieve Datatables">
<var>&amp;{datatables}</var>
<doc>Retrieves Squash TM's datatables and stores them in a dictionary.</doc>
<kw name="Create List" library="BuiltIn">
<var>@{row_1_1}</var>
<arg>produit</arg>
<arg>prix</arg>
<doc>Returns a list containing given items.</doc>
<msg timestamp="20230228 12:15:05.309" level="INFO">@{row_1_1} = [ produit | prix ]</msg>
<status status="PASS" starttime="20230228 12:15:05.308" endtime="20230228 12:15:05.309"/>
</kw>
<kw name="Create List" library="BuiltIn">
<var>@{row_1_2}</var>
<arg>Expresso</arg>
<arg>0.40</arg>
<doc>Returns a list containing given items.</doc>
<msg timestamp="20230228 12:15:05.309" level="INFO">@{row_1_2} = [ Expresso | 0.40 ]</msg>
<status status="PASS" starttime="20230228 12:15:05.309" endtime="20230228 12:15:05.309"/>
</kw>
<kw name="Create List" library="BuiltIn">
<var>@{datatable_1}</var>
<arg>${row_1_1}</arg>
<arg>${row_1_2}</arg>
<doc>Returns a list containing given items.</doc>
<msg timestamp="20230228 12:15:05.310" level="INFO">@{datatable_1} = [ ['produit', 'prix'] | ['Expresso', '0.40'] ]</msg>
<status status="PASS" starttime="20230228 12:15:05.309" endtime="20230228 12:15:05.310"/>
</kw>
<kw name="Create Dictionary" library="BuiltIn">
<var>&amp;{datatables}</var>
<arg>datatable_1=${datatable_1}</arg>
<doc>Creates and returns a dictionary based on the given ``items``.</doc>
<msg timestamp="20230228 12:15:05.311" level="INFO">&amp;{datatables} = { datatable_1=[['produit', 'prix'], ['Expresso', '0.40']] }</msg>
<status status="PASS" starttime="20230228 12:15:05.310" endtime="20230228 12:15:05.312"/>
</kw>
<return>
<value>&amp;{datatables}</value>
<status status="PASS" starttime="20230228 12:15:05.312" endtime="20230228 12:15:05.312"/>
</return>
<msg timestamp="20230228 12:15:05.313" level="INFO">&amp;{datatables} = { datatable_1=[['produit', 'prix'], ['Expresso', '0.40']] }</msg>
<status status="PASS" starttime="20230228 12:15:05.308" endtime="20230228 12:15:05.314"/>
</kw>
<kw name="Retrieve Docstrings">
<var>&amp;{docstrings}</var>
<doc>Retrieves Squash TM's docstrings and stores them in a dictionary.</doc>
<kw name="Set Variable" library="BuiltIn">
<var>${docstring_1}</var>
<arg>zertyuioplkjhgfdqsxcvbh,fazertryhebzhehzbbhbsfghbdffffffffffffftttttttttttttttttttttttttttttttttttttttttttttttttttttttttttttttttttttttttttttttttttttttttttttttttttttttttttttttttttttbbbbbbbbbbbbbbbbbbbbbbbbbbbbbbbbbbbbbbbbbeeeeeeeeeeeeeeeeeeeeeeeeeeeeeeeeeeeeeeeeeeeeeeeeeeeeeeeeeeeeeeeeeeeeeeeeeeeee</arg>
<doc>Returns the given values which can then be assigned to a variables.</doc>
<msg timestamp="20230228 12:15:05.318" level="INFO">${docstring_1} = zertyuioplkjhgfdqsxcvbh,fazertryhebzhehzbbhbsfghbdffffffffffffftttttttttttttttttttttttttttttttttttttttttttttttttttttttttttttttttttttttttttttttttttttttttttttttttttttttttttttttttttttbbbbbbbbbbbbbbbbbbbb...</msg>
<status status="PASS" starttime="20230228 12:15:05.318" endtime="20230228 12:15:05.318"/>
</kw>
<kw name="Create Dictionary" library="BuiltIn">
<var>&amp;{docstrings}</var>
<arg>docstring_1=${docstring_1}</arg>
<doc>Creates and returns a dictionary based on the given ``items``.</doc>
<msg timestamp="20230228 12:15:05.319" level="INFO">&amp;{docstrings} = { docstring_1=zertyuioplkjhgfdqsxcvbh,fazertryhebzhehzbbhbsfghbdffffffffffffftttttttttttttttttttttttttttttttttttttttttttttttttttttttttttttttttttttttttttttttttttttttttttttttttttttttttttttttttttttbbbbbb...</msg>
<status status="PASS" starttime="20230228 12:15:05.318" endtime="20230228 12:15:05.319"/>
</kw>
<return>
<value>&amp;{docstrings}</value>
<status status="PASS" starttime="20230228 12:15:05.319" endtime="20230228 12:15:05.320"/>
</return>
<msg timestamp="20230228 12:15:05.320" level="INFO">&amp;{docstrings} = { docstring_1=zertyuioplkjhgfdqsxcvbh,fazertryhebzhehzbbhbsfghbdffffffffffffftttttttttttttttttttttttttttttttttttttttttttttttttttttttttttttttttttttttttttttttttttttttttttttttttttttttttttttttttttttbbbbbb...</msg>
<status status="PASS" starttime="20230228 12:15:05.317" endtime="20230228 12:15:05.321"/>
</kw>
<kw name="Given voici un test" library="test">
<kw name="Log To Console" library="BuiltIn">
<arg>c'est un test</arg>
<doc>Logs the given message to the console.</doc>
<status status="PASS" starttime="20230228 12:15:05.323" endtime="20230228 12:15:05.324"/>
</kw>
<status status="PASS" starttime="20230228 12:15:05.322" endtime="20230228 12:15:05.324"/>
</kw>
<kw name="Given test &quot;${datatables}[datatable_1]&quot;" library="test" sourcename="test &quot;${string}&quot;">
<kw name="Log To Console" library="BuiltIn">
<arg>${string}</arg>
<doc>Logs the given message to the console.</doc>
<status status="PASS" starttime="20230228 12:15:05.326" endtime="20230228 12:15:05.326"/>
</kw>
<status status="PASS" starttime="20230228 12:15:05.325" endtime="20230228 12:15:05.327"/>
</kw>
<kw name="Given test number two &quot;${docstrings}[docstring_1]&quot;" library="test" sourcename="test number two &quot;${string}&quot;">
<kw name="Log To Console" library="BuiltIn">
<arg>${string}</arg>
<doc>Logs the given message to the console.</doc>
<status status="PASS" starttime="20230228 12:15:05.330" endtime="20230228 12:15:05.331"/>
</kw>
<status status="PASS" starttime="20230228 12:15:05.329" endtime="20230228 12:15:05.332"/>
</kw>
<kw name="Given test number three" library="test">
<kw name="Get Test Param" library="squash_tf.TFParamService">
<var>${code}</var>
<arg>TC_CUF_code</arg>
<doc>Returns the test case parameter value if it is defined, None otherwise</doc>
<msg timestamp="20230228 12:15:05.333" level="INFO">${code} = None</msg>
<status status="PASS" starttime="20230228 12:15:05.333" endtime="20230228 12:15:05.334"/>
</kw>
<status status="PASS" starttime="20230228 12:15:05.332" endtime="20230228 12:15:05.334"/>
</kw>
<kw name="Given dataset &quot;${dataset}[var]&quot;" library="test" sourcename="dataset &quot;${var}&quot;">
<kw name="Log To Console" library="BuiltIn">
<arg>${var}</arg>
<doc>Logs the given message to the console.</doc>
<status status="PASS" starttime="20230228 12:15:05.335" endtime="20230228 12:15:05.336"/>
</kw>
<status status="PASS" starttime="20230228 12:15:05.335" endtime="20230228 12:15:05.337"/>
</kw>
<kw name="Test Teardown" type="TEARDOWN">
<doc>test teardown
You can define the Teardown variable with a keyword for tearing down all your tests.
You can define the Teardown custom variable with a keyword for tearing down this specific test.
If both are defined, Teardown will be run after Teardown custom.</doc>
<kw name="Get Variable Value" library="BuiltIn">
<var>${TEST_1_TEARDOWN_VALUE}</var>
<arg>${TEST_1_TEARDOWN}</arg>
<doc>Returns variable value or ``default`` if the variable does not exist.</doc>
<msg timestamp="20230228 12:15:05.339" level="INFO">${TEST_1_TEARDOWN_VALUE} = Teardown custom</msg>
<status status="PASS" starttime="20230228 12:15:05.339" endtime="20230228 12:15:05.340"/>
</kw>
<kw name="Get Variable Value" library="BuiltIn">
<var>${TEST_TEARDOWN_VALUE}</var>
<arg>${TEST_TEARDOWN}</arg>
<doc>Returns variable value or ``default`` if the variable does not exist.</doc>
<msg timestamp="20230228 12:15:05.341" level="INFO">${TEST_TEARDOWN_VALUE} = Teardown</msg>
<status status="PASS" starttime="20230228 12:15:05.340" endtime="20230228 12:15:05.341"/>
</kw>
<if>
<branch type="IF" condition="$TEST_1_TEARDOWN_VALUE is not None">
<kw name="Run Keyword" library="BuiltIn">
<arg>${TEST_1_TEARDOWN}</arg>
<doc>Executes the given keyword with the given arguments.</doc>
<kw name="Teardown custom" library="test">
<kw name="Log To Console" library="BuiltIn">
<arg>teardown custom</arg>
<doc>Logs the given message to the console.</doc>
<status status="PASS" starttime="20230228 12:15:05.346" endtime="20230228 12:15:05.347"/>
</kw>
<status status="PASS" starttime="20230228 12:15:05.345" endtime="20230228 12:15:05.348"/>
</kw>
<status status="PASS" starttime="20230228 12:15:05.341" endtime="20230228 12:15:05.348"/>
</kw>
<status status="PASS" starttime="20230228 12:15:05.341" endtime="20230228 12:15:05.348"/>
</branch>
<status status="PASS" starttime="20230228 12:15:05.341" endtime="20230228 12:15:05.349"/>
</if>
<if>
<branch type="IF" condition="$TEST_TEARDOWN_VALUE is not None">
<kw name="Run Keyword" library="BuiltIn">
<arg>${TEST_TEARDOWN}</arg>
<doc>Executes the given keyword with the given arguments.</doc>
<kw name="Teardown" library="test">
<kw name="Log To Console" library="BuiltIn">
<arg>teardown</arg>
<doc>Logs the given message to the console.</doc>
<status status="PASS" starttime="20230228 12:15:05.351" endtime="20230228 12:15:05.351"/>
</kw>
<status status="PASS" starttime="20230228 12:15:05.350" endtime="20230228 12:15:05.352"/>
</kw>
<status status="PASS" starttime="20230228 12:15:05.349" endtime="20230228 12:15:05.352"/>
</kw>
<status status="PASS" starttime="20230228 12:15:05.349" endtime="20230228 12:15:05.352"/>
</branch>
<status status="PASS" starttime="20230228 12:15:05.349" endtime="20230228 12:15:05.352"/>
</if>
<status status="PASS" starttime="20230228 12:15:05.338" endtime="20230228 12:15:05.352"/>
</kw>
<doc>test</doc>
<status status="PASS" starttime="20230228 12:15:05.274" endtime="20230228 12:15:05.353"/>
</test>
<doc>test</doc>
<meta name="Automation priority">null</meta>
<meta name="ID">1</meta>
<meta name="Test case importance">Low</meta>
<status status="PASS" starttime="20230228 12:15:05.237" endtime="20230228 12:15:05.354"/>
</suite>
<statistics>
<total>
<stat pass="1" fail="0" skip="0">All Tests</stat>
</total>
<tag>
</tag>
<suite>
<stat pass="1" fail="0" skip="0" id="s1" name="1 Test">1 Test</stat>
</suite>
</statistics>
<errors>
</errors>
</robot>
