<?xml version="1.0" encoding="UTF-8"?>
<robot generator="Robot 6.0.2 (Python 3.11.0 on win32)" generated="20230228 12:01:55.905" rpa="false" schemaversion="3">
<suite id="s1" name="1 Test" source="c:\Users\aandre\Desktop\DepotGit\test\1_test.robot">
<test id="s1-t1" name="test" line="13">
<kw name="Test Setup" type="SETUP">
<doc>test setup
You can define the Setup variable with a keyword for setting up all your tests.
You can define the Setup custom variable with a keyword for setting up this specific test.
If both are defined, Setup custom will be run after Setup.</doc>
<kw name="Get Variable Value" library="BuiltIn">
<var>${TEST_SETUP_VALUE}</var>
<arg>${TEST_SETUP}</arg>
<doc>Returns variable value or ``default`` if the variable does not exist.</doc>
<msg timestamp="20230228 12:01:55.954" level="INFO">${TEST_SETUP_VALUE} = Setup</msg>
<status status="PASS" starttime="20230228 12:01:55.954" endtime="20230228 12:01:55.957"/>
</kw>
<kw name="Get Variable Value" library="BuiltIn">
<var>${TEST_1_SETUP_VALUE}</var>
<arg>${TEST_1_SETUP}</arg>
<doc>Returns variable value or ``default`` if the variable does not exist.</doc>
<msg timestamp="20230228 12:01:55.959" level="INFO">${TEST_1_SETUP_VALUE} = Setup custom</msg>
<status status="PASS" starttime="20230228 12:01:55.958" endtime="20230228 12:01:55.960"/>
</kw>
<if>
<branch type="IF" condition="$TEST_SETUP_VALUE is not None">
<kw name="Run Keyword" library="BuiltIn">
<arg>${TEST_SETUP}</arg>
<doc>Executes the given keyword with the given arguments.</doc>
<kw name="Setup" library="test">
<kw name="Log To Console" library="BuiltIn">
<arg>setup</arg>
<doc>Logs the given message to the console.</doc>
<status status="PASS" starttime="20230228 12:01:55.968" endtime="20230228 12:01:55.969"/>
</kw>
<status status="PASS" starttime="20230228 12:01:55.967" endtime="20230228 12:01:55.969"/>
</kw>
<status status="PASS" starttime="20230228 12:01:55.965" endtime="20230228 12:01:55.969"/>
</kw>
<status status="PASS" starttime="20230228 12:01:55.960" endtime="20230228 12:01:55.969"/>
</branch>
<status status="PASS" starttime="20230228 12:01:55.960" endtime="20230228 12:01:55.969"/>
</if>
<if>
<branch type="IF" condition="$TEST_1_SETUP_VALUE is not None">
<kw name="Run Keyword" library="BuiltIn">
<arg>${TEST_1_SETUP}</arg>
<doc>Executes the given keyword with the given arguments.</doc>
<kw name="Setup custom" library="test">
<kw name="Log To Console" library="BuiltIn">
<arg>setupcustom</arg>
<doc>Logs the given message to the console.</doc>
<status status="PASS" starttime="20230228 12:01:55.972" endtime="20230228 12:01:55.972"/>
</kw>
<status status="PASS" starttime="20230228 12:01:55.971" endtime="20230228 12:01:55.973"/>
</kw>
<status status="PASS" starttime="20230228 12:01:55.970" endtime="20230228 12:01:55.973"/>
</kw>
<status status="PASS" starttime="20230228 12:01:55.970" endtime="20230228 12:01:55.973"/>
</branch>
<status status="PASS" starttime="20230228 12:01:55.969" endtime="20230228 12:01:55.973"/>
</if>
<status status="PASS" starttime="20230228 12:01:55.953" endtime="20230228 12:01:55.973"/>
</kw>
<kw name="Retrieve Dataset">
<var>&amp;{dataset}</var>
<doc>Retrieves Squash TM's datasets and stores them in a dictionary.</doc>
<kw name="Get Test Param" library="squash_tf.TFParamService">
<var>${var}</var>
<arg>DS_var</arg>
<doc>Returns the test case parameter value if it is defined, None otherwise</doc>
<msg timestamp="20230228 12:01:55.979" level="INFO">${var} = None</msg>
<status status="PASS" starttime="20230228 12:01:55.979" endtime="20230228 12:01:55.979"/>
</kw>
<kw name="Create Dictionary" library="BuiltIn">
<var>&amp;{dataset}</var>
<arg>var=${var}</arg>
<doc>Creates and returns a dictionary based on the given ``items``.</doc>
<msg timestamp="20230228 12:01:55.980" level="INFO">&amp;{dataset} = { var=None }</msg>
<status status="PASS" starttime="20230228 12:01:55.980" endtime="20230228 12:01:55.980"/>
</kw>
<return>
<value>&amp;{dataset}</value>
<status status="PASS" starttime="20230228 12:01:55.980" endtime="20230228 12:01:55.981"/>
</return>
<msg timestamp="20230228 12:01:55.981" level="INFO">&amp;{dataset} = { var=None }</msg>
<status status="PASS" starttime="20230228 12:01:55.978" endtime="20230228 12:01:55.981"/>
</kw>
<kw name="Retrieve Datatables">
<var>&amp;{datatables}</var>
<doc>Retrieves Squash TM's datatables and stores them in a dictionary.</doc>
<kw name="Create List" library="BuiltIn">
<var>@{row_1_1}</var>
<arg>produit</arg>
<arg>prix</arg>
<doc>Returns a list containing given items.</doc>
<msg timestamp="20230228 12:01:55.987" level="INFO">@{row_1_1} = [ produit | prix ]</msg>
<status status="PASS" starttime="20230228 12:01:55.987" endtime="20230228 12:01:55.987"/>
</kw>
<kw name="Create List" library="BuiltIn">
<var>@{row_1_2}</var>
<arg>Expresso</arg>
<arg>0.40</arg>
<doc>Returns a list containing given items.</doc>
<msg timestamp="20230228 12:01:55.987" level="INFO">@{row_1_2} = [ Expresso | 0.40 ]</msg>
<status status="PASS" starttime="20230228 12:01:55.987" endtime="20230228 12:01:55.988"/>
</kw>
<kw name="Create List" library="BuiltIn">
<var>@{datatable_1}</var>
<arg>${row_1_1}</arg>
<arg>${row_1_2}</arg>
<doc>Returns a list containing given items.</doc>
<msg timestamp="20230228 12:01:55.988" level="INFO">@{datatable_1} = [ ['produit', 'prix'] | ['Expresso', '0.40'] ]</msg>
<status status="PASS" starttime="20230228 12:01:55.988" endtime="20230228 12:01:55.988"/>
</kw>
<kw name="Create Dictionary" library="BuiltIn">
<var>&amp;{datatables}</var>
<arg>datatable_1=${datatable_1}</arg>
<doc>Creates and returns a dictionary based on the given ``items``.</doc>
<msg timestamp="20230228 12:01:55.989" level="INFO">&amp;{datatables} = { datatable_1=[['produit', 'prix'], ['Expresso', '0.40']] }</msg>
<status status="PASS" starttime="20230228 12:01:55.988" endtime="20230228 12:01:55.989"/>
</kw>
<return>
<value>&amp;{datatables}</value>
<status status="PASS" starttime="20230228 12:01:55.989" endtime="20230228 12:01:55.989"/>
</return>
<msg timestamp="20230228 12:01:55.989" level="INFO">&amp;{datatables} = { datatable_1=[['produit', 'prix'], ['Expresso', '0.40']] }</msg>
<status status="PASS" starttime="20230228 12:01:55.986" endtime="20230228 12:01:55.989"/>
</kw>
<kw name="Retrieve Docstrings">
<var>&amp;{docstrings}</var>
<doc>Retrieves Squash TM's docstrings and stores them in a dictionary.</doc>
<kw name="Set Variable" library="BuiltIn">
<var>${docstring_1}</var>
<arg>zertyuioplkjhgfdqsxcvbh,fazertryhebzhehzbbhbsfghbdffffffffffffftttttttttttttttttttttttttttttttttttttttttttttttttttttttttttttttttttttttttttttttttttttttttttttttttttttttttttttttttttttbbbbbbbbbbbbbbbbbbbbbbbbbbbbbbbbbbbbbbbbbeeeeeeeeeeeeeeeeeeeeeeeeeeeeeeeeeeeeeeeeeeeeeeeeeeeeeeeeeeeeeeeeeeeeeeeeeeeee</arg>
<doc>Returns the given values which can then be assigned to a variables.</doc>
<msg timestamp="20230228 12:01:55.994" level="INFO">${docstring_1} = zertyuioplkjhgfdqsxcvbh,fazertryhebzhehzbbhbsfghbdffffffffffffftttttttttttttttttttttttttttttttttttttttttttttttttttttttttttttttttttttttttttttttttttttttttttttttttttttttttttttttttttttbbbbbbbbbbbbbbbbbbbb...</msg>
<status status="PASS" starttime="20230228 12:01:55.994" endtime="20230228 12:01:55.995"/>
</kw>
<kw name="Create Dictionary" library="BuiltIn">
<var>&amp;{docstrings}</var>
<arg>docstring_1=${docstring_1}</arg>
<doc>Creates and returns a dictionary based on the given ``items``.</doc>
<msg timestamp="20230228 12:01:55.995" level="INFO">&amp;{docstrings} = { docstring_1=zertyuioplkjhgfdqsxcvbh,fazertryhebzhehzbbhbsfghbdffffffffffffftttttttttttttttttttttttttttttttttttttttttttttttttttttttttttttttttttttttttttttttttttttttttttttttttttttttttttttttttttttbbbbbb...</msg>
<status status="PASS" starttime="20230228 12:01:55.995" endtime="20230228 12:01:55.996"/>
</kw>
<return>
<value>&amp;{docstrings}</value>
<status status="PASS" starttime="20230228 12:01:55.996" endtime="20230228 12:01:55.996"/>
</return>
<msg timestamp="20230228 12:01:55.996" level="INFO">&amp;{docstrings} = { docstring_1=zertyuioplkjhgfdqsxcvbh,fazertryhebzhehzbbhbsfghbdffffffffffffftttttttttttttttttttttttttttttttttttttttttttttttttttttttttttttttttttttttttttttttttttttttttttttttttttttttttttttttttttttbbbbbb...</msg>
<status status="PASS" starttime="20230228 12:01:55.993" endtime="20230228 12:01:55.996"/>
</kw>
<kw name="Given voici un test" library="test">
<kw name="Log To Console" library="BuiltIn">
<arg>c'est un test</arg>
<doc>Logs the given message to the console.</doc>
<status status="PASS" starttime="20230228 12:01:55.998" endtime="20230228 12:01:55.998"/>
</kw>
<status status="PASS" starttime="20230228 12:01:55.997" endtime="20230228 12:01:55.999"/>
</kw>
<kw name="Given test &quot;${datatables}[datatable_1]&quot;" library="test" sourcename="test &quot;${string}&quot;">
<kw name="Log To Console" library="BuiltIn">
<arg>${string}</arg>
<doc>Logs the given message to the console.</doc>
<status status="PASS" starttime="20230228 12:01:56.000" endtime="20230228 12:01:56.001"/>
</kw>
<status status="PASS" starttime="20230228 12:01:55.999" endtime="20230228 12:01:56.001"/>
</kw>
<kw name="Given test number two &quot;${docstrings}[docstring_1]&quot;" library="test" sourcename="test number two &quot;${string}&quot;">
<kw name="Log To Console" library="BuiltIn">
<arg>${string}</arg>
<doc>Logs the given message to the console.</doc>
<status status="PASS" starttime="20230228 12:01:56.003" endtime="20230228 12:01:56.004"/>
</kw>
<status status="PASS" starttime="20230228 12:01:56.002" endtime="20230228 12:01:56.004"/>
</kw>
<kw name="Given test number three" library="test">
<kw name="Log To Console" library="BuiltIn">
<arg>commentaires</arg>
<doc>Logs the given message to the console.</doc>
<status status="PASS" starttime="20230228 12:01:56.005" endtime="20230228 12:01:56.006"/>
</kw>
<status status="PASS" starttime="20230228 12:01:56.005" endtime="20230228 12:01:56.006"/>
</kw>
<kw name="Given dataset &quot;${dataset}[var]&quot;" library="test" sourcename="dataset &quot;${var}&quot;">
<kw name="Log To Console" library="BuiltIn">
<arg>${var}</arg>
<doc>Logs the given message to the console.</doc>
<status status="PASS" starttime="20230228 12:01:56.008" endtime="20230228 12:01:56.008"/>
</kw>
<status status="PASS" starttime="20230228 12:01:56.007" endtime="20230228 12:01:56.009"/>
</kw>
<kw name="Test Teardown" type="TEARDOWN">
<doc>test teardown
You can define the Teardown variable with a keyword for tearing down all your tests.
You can define the Teardown custom variable with a keyword for tearing down this specific test.
If both are defined, Teardown will be run after Teardown custom.</doc>
<kw name="Get Variable Value" library="BuiltIn">
<var>${TEST_1_TEARDOWN_VALUE}</var>
<arg>${TEST_1_TEARDOWN}</arg>
<doc>Returns variable value or ``default`` if the variable does not exist.</doc>
<msg timestamp="20230228 12:01:56.012" level="INFO">${TEST_1_TEARDOWN_VALUE} = Teardown custom</msg>
<status status="PASS" starttime="20230228 12:01:56.011" endtime="20230228 12:01:56.012"/>
</kw>
<kw name="Get Variable Value" library="BuiltIn">
<var>${TEST_TEARDOWN_VALUE}</var>
<arg>${TEST_TEARDOWN}</arg>
<doc>Returns variable value or ``default`` if the variable does not exist.</doc>
<msg timestamp="20230228 12:01:56.013" level="INFO">${TEST_TEARDOWN_VALUE} = Teardown</msg>
<status status="PASS" starttime="20230228 12:01:56.012" endtime="20230228 12:01:56.013"/>
</kw>
<if>
<branch type="IF" condition="$TEST_1_TEARDOWN_VALUE is not None">
<kw name="Run Keyword" library="BuiltIn">
<arg>${TEST_1_TEARDOWN}</arg>
<doc>Executes the given keyword with the given arguments.</doc>
<kw name="Teardown custom" library="test">
<kw name="Log To Console" library="BuiltIn">
<arg>teardown custom</arg>
<doc>Logs the given message to the console.</doc>
<status status="PASS" starttime="20230228 12:01:56.016" endtime="20230228 12:01:56.017"/>
</kw>
<status status="PASS" starttime="20230228 12:01:56.016" endtime="20230228 12:01:56.018"/>
</kw>
<status status="PASS" starttime="20230228 12:01:56.014" endtime="20230228 12:01:56.018"/>
</kw>
<status status="PASS" starttime="20230228 12:01:56.014" endtime="20230228 12:01:56.018"/>
</branch>
<status status="PASS" starttime="20230228 12:01:56.014" endtime="20230228 12:01:56.018"/>
</if>
<if>
<branch type="IF" condition="$TEST_TEARDOWN_VALUE is not None">
<kw name="Run Keyword" library="BuiltIn">
<arg>${TEST_TEARDOWN}</arg>
<doc>Executes the given keyword with the given arguments.</doc>
<kw name="Teardown" library="test">
<kw name="Log To Console" library="BuiltIn">
<arg>teardown</arg>
<doc>Logs the given message to the console.</doc>
<status status="PASS" starttime="20230228 12:01:56.021" endtime="20230228 12:01:56.021"/>
</kw>
<status status="PASS" starttime="20230228 12:01:56.020" endtime="20230228 12:01:56.022"/>
</kw>
<status status="PASS" starttime="20230228 12:01:56.019" endtime="20230228 12:01:56.022"/>
</kw>
<status status="PASS" starttime="20230228 12:01:56.018" endtime="20230228 12:01:56.022"/>
</branch>
<status status="PASS" starttime="20230228 12:01:56.018" endtime="20230228 12:01:56.022"/>
</if>
<status status="PASS" starttime="20230228 12:01:56.010" endtime="20230228 12:01:56.023"/>
</kw>
<doc>test</doc>
<status status="PASS" starttime="20230228 12:01:55.952" endtime="20230228 12:01:56.023"/>
</test>
<doc>test</doc>
<meta name="Automation priority">null</meta>
<meta name="ID">1</meta>
<meta name="Test case importance">Low</meta>
<status status="PASS" starttime="20230228 12:01:55.910" endtime="20230228 12:01:56.025"/>
</suite>
<statistics>
<total>
<stat pass="1" fail="0" skip="0">All Tests</stat>
</total>
<tag>
</tag>
<suite>
<stat pass="1" fail="0" skip="0" id="s1" name="1 Test">1 Test</stat>
</suite>
</statistics>
<errors>
</errors>
</robot>
