<?xml version="1.0" encoding="UTF-8"?>
<robot generator="Robot 6.0.2 (Python 3.11.0 on win32)" generated="20230228 09:39:21.589" rpa="false" schemaversion="3">
<suite id="s1" name="1 Test" source="c:\Users\aandre\Desktop\DepotGit\test\1_test.robot">
<test id="s1-t1" name="test" line="12">
<kw name="Test Setup" type="SETUP">
<doc>test setup
You can define the Setup variable with a keyword for setting up all your tests.
You can define the Setup custom variable with a keyword for setting up this specific test.
If both are defined, Setup custom will be run after Setup.</doc>
<kw name="Get Variable Value" library="BuiltIn">
<var>${TEST_SETUP_VALUE}</var>
<arg>${TEST_SETUP}</arg>
<doc>Returns variable value or ``default`` if the variable does not exist.</doc>
<msg timestamp="20230228 09:39:21.632" level="INFO">${TEST_SETUP_VALUE} = Setup</msg>
<status status="PASS" starttime="20230228 09:39:21.631" endtime="20230228 09:39:21.637"/>
</kw>
<kw name="Get Variable Value" library="BuiltIn">
<var>${TEST_1_SETUP_VALUE}</var>
<arg>${TEST_1_SETUP}</arg>
<doc>Returns variable value or ``default`` if the variable does not exist.</doc>
<msg timestamp="20230228 09:39:21.638" level="INFO">${TEST_1_SETUP_VALUE} = Setup custom</msg>
<status status="PASS" starttime="20230228 09:39:21.637" endtime="20230228 09:39:21.638"/>
</kw>
<if>
<branch type="IF" condition="$TEST_SETUP_VALUE is not None">
<kw name="Run Keyword" library="BuiltIn">
<arg>${TEST_SETUP}</arg>
<doc>Executes the given keyword with the given arguments.</doc>
<kw name="Setup" library="test">
<kw name="Log To Console" library="BuiltIn">
<arg>setup</arg>
<doc>Logs the given message to the console.</doc>
<status status="PASS" starttime="20230228 09:39:21.648" endtime="20230228 09:39:21.650"/>
</kw>
<status status="PASS" starttime="20230228 09:39:21.647" endtime="20230228 09:39:21.651"/>
</kw>
<status status="PASS" starttime="20230228 09:39:21.645" endtime="20230228 09:39:21.651"/>
</kw>
<status status="PASS" starttime="20230228 09:39:21.638" endtime="20230228 09:39:21.652"/>
</branch>
<status status="PASS" starttime="20230228 09:39:21.638" endtime="20230228 09:39:21.652"/>
</if>
<if>
<branch type="IF" condition="$TEST_1_SETUP_VALUE is not None">
<kw name="Run Keyword" library="BuiltIn">
<arg>${TEST_1_SETUP}</arg>
<doc>Executes the given keyword with the given arguments.</doc>
<kw name="Setup custom" library="test">
<kw name="Log To Console" library="BuiltIn">
<arg>setupcustom</arg>
<doc>Logs the given message to the console.</doc>
<status status="PASS" starttime="20230228 09:39:21.657" endtime="20230228 09:39:21.659"/>
</kw>
<status status="PASS" starttime="20230228 09:39:21.656" endtime="20230228 09:39:21.660"/>
</kw>
<status status="PASS" starttime="20230228 09:39:21.654" endtime="20230228 09:39:21.660"/>
</kw>
<status status="PASS" starttime="20230228 09:39:21.653" endtime="20230228 09:39:21.660"/>
</branch>
<status status="PASS" starttime="20230228 09:39:21.653" endtime="20230228 09:39:21.660"/>
</if>
<status status="PASS" starttime="20230228 09:39:21.631" endtime="20230228 09:39:21.661"/>
</kw>
<kw name="Given voici un test" library="test">
<kw name="Log To Console" library="BuiltIn">
<arg>c'est un test</arg>
<doc>Logs the given message to the console.</doc>
<status status="PASS" starttime="20230228 09:39:21.662" endtime="20230228 09:39:21.663"/>
</kw>
<status status="PASS" starttime="20230228 09:39:21.661" endtime="20230228 09:39:21.663"/>
</kw>
<kw name="Test Teardown" type="TEARDOWN">
<doc>test teardown
You can define the Teardown variable with a keyword for tearing down all your tests.
You can define the Teardown custom variable with a keyword for tearing down this specific test.
If both are defined, Teardown will be run after Teardown custom.</doc>
<kw name="Get Variable Value" library="BuiltIn">
<var>${TEST_1_TEARDOWN_VALUE}</var>
<arg>${TEST_1_TEARDOWN}</arg>
<doc>Returns variable value or ``default`` if the variable does not exist.</doc>
<msg timestamp="20230228 09:39:21.665" level="INFO">${TEST_1_TEARDOWN_VALUE} = Teardown custom</msg>
<status status="PASS" starttime="20230228 09:39:21.664" endtime="20230228 09:39:21.665"/>
</kw>
<kw name="Get Variable Value" library="BuiltIn">
<var>${TEST_TEARDOWN_VALUE}</var>
<arg>${TEST_TEARDOWN}</arg>
<doc>Returns variable value or ``default`` if the variable does not exist.</doc>
<msg timestamp="20230228 09:39:21.666" level="INFO">${TEST_TEARDOWN_VALUE} = Teardown</msg>
<status status="PASS" starttime="20230228 09:39:21.665" endtime="20230228 09:39:21.666"/>
</kw>
<if>
<branch type="IF" condition="$TEST_1_TEARDOWN_VALUE is not None">
<kw name="Run Keyword" library="BuiltIn">
<arg>${TEST_1_TEARDOWN}</arg>
<doc>Executes the given keyword with the given arguments.</doc>
<kw name="Teardown custom" library="test">
<kw name="Log To Console" library="BuiltIn">
<arg>teardown custom</arg>
<doc>Logs the given message to the console.</doc>
<status status="PASS" starttime="20230228 09:39:21.670" endtime="20230228 09:39:21.672"/>
</kw>
<status status="PASS" starttime="20230228 09:39:21.670" endtime="20230228 09:39:21.672"/>
</kw>
<status status="PASS" starttime="20230228 09:39:21.668" endtime="20230228 09:39:21.672"/>
</kw>
<status status="PASS" starttime="20230228 09:39:21.667" endtime="20230228 09:39:21.672"/>
</branch>
<status status="PASS" starttime="20230228 09:39:21.667" endtime="20230228 09:39:21.672"/>
</if>
<if>
<branch type="IF" condition="$TEST_TEARDOWN_VALUE is not None">
<kw name="Run Keyword" library="BuiltIn">
<arg>${TEST_TEARDOWN}</arg>
<doc>Executes the given keyword with the given arguments.</doc>
<kw name="Teardown" library="test">
<kw name="Log To Console" library="BuiltIn">
<arg>teardown</arg>
<doc>Logs the given message to the console.</doc>
<status status="PASS" starttime="20230228 09:39:21.675" endtime="20230228 09:39:21.675"/>
</kw>
<status status="PASS" starttime="20230228 09:39:21.674" endtime="20230228 09:39:21.676"/>
</kw>
<status status="PASS" starttime="20230228 09:39:21.673" endtime="20230228 09:39:21.676"/>
</kw>
<status status="PASS" starttime="20230228 09:39:21.672" endtime="20230228 09:39:21.676"/>
</branch>
<status status="PASS" starttime="20230228 09:39:21.672" endtime="20230228 09:39:21.676"/>
</if>
<status status="PASS" starttime="20230228 09:39:21.664" endtime="20230228 09:39:21.677"/>
</kw>
<doc>test</doc>
<status status="PASS" starttime="20230228 09:39:21.630" endtime="20230228 09:39:21.677"/>
</test>
<doc>test</doc>
<meta name="Automation priority">null</meta>
<meta name="ID">1</meta>
<meta name="Test case importance">Low</meta>
<status status="PASS" starttime="20230228 09:39:21.594" endtime="20230228 09:39:21.680"/>
</suite>
<statistics>
<total>
<stat pass="1" fail="0" skip="0">All Tests</stat>
</total>
<tag>
</tag>
<suite>
<stat pass="1" fail="0" skip="0" id="s1" name="1 Test">1 Test</stat>
</suite>
</statistics>
<errors>
</errors>
</robot>
